\BOOKMARK [0][]{chapter.1}{Einleitung}{}% 1
\BOOKMARK [1][-]{section.1.1}{Motivation}{chapter.1}% 2
\BOOKMARK [1][-]{section.1.2}{Begriffskl\344rung}{chapter.1}% 3
\BOOKMARK [0][]{chapter.2}{Softwarevermessung}{}% 4
\BOOKMARK [1][-]{section.2.1}{Messgr\366\337en}{chapter.2}% 5
\BOOKMARK [1][-]{section.2.2}{Metriken}{chapter.2}% 6
\BOOKMARK [2][-]{subsection.2.2.1}{Komplexit\344t}{section.2.2}% 7
\BOOKMARK [2][-]{subsection.2.2.2}{Qualit\344t}{section.2.2}% 8
\BOOKMARK [1][-]{section.2.3}{SoftAudit}{chapter.2}% 9
\BOOKMARK [2][-]{subsection.2.3.1}{Quantit\344tsmetriken}{section.2.3}% 10
\BOOKMARK [2][-]{subsection.2.3.2}{Komplexit\344tsmetriken}{section.2.3}% 11
\BOOKMARK [2][-]{subsection.2.3.3}{Qualit\344tsmetriken}{section.2.3}% 12
\BOOKMARK [1][-]{section.2.4}{SonarQube}{chapter.2}% 13
\BOOKMARK [0][]{chapter.3}{Plugin-Entwicklung}{}% 14
\BOOKMARK [1][-]{section.3.1}{Die Schnittstellen zu SonarQube}{chapter.3}% 15
\BOOKMARK [1][-]{section.3.2}{Parsen von Java-Quelldateien}{chapter.3}% 16
\BOOKMARK [1][-]{section.3.3}{Das erstellte Code-Modell}{chapter.3}% 17
\BOOKMARK [2][-]{subsection.3.3.1}{Java-Datei-Komponenten}{section.3.3}% 18
\BOOKMARK [2][-]{subsection.3.3.2}{Weitere Modellbestandteile}{section.3.3}% 19
\BOOKMARK [2][-]{subsection.3.3.3}{Beispiel}{section.3.3}% 20
\BOOKMARK [1][-]{section.3.4}{Messen der ben\366tigten Werte}{chapter.3}% 21
\BOOKMARK [2][-]{subsection.3.4.1}{Das Problem der Messwertdefinition}{section.3.4}% 22
\BOOKMARK [1][-]{section.3.5}{Metriken berechnen}{chapter.3}% 23
\BOOKMARK [1][-]{section.3.6}{Darstellung im SonarQube-Widget}{chapter.3}% 24
\BOOKMARK [0][]{chapter.4}{Plugin-Einsatz}{}% 25
\BOOKMARK [1][-]{section.4.1}{Messergebnisse im Vergleich zu SoftAudit}{chapter.4}% 26
\BOOKMARK [1][-]{section.4.2}{Metrik-Resultate im Vergleich zu SoftAudit}{chapter.4}% 27
\BOOKMARK [0][]{chapter.5}{Bewertung}{}% 28
\BOOKMARK [1][-]{section.5.1}{Interpretation der Ergebnisse}{chapter.5}% 29
\BOOKMARK [1][-]{section.5.2}{Bedeutung f\374r die Verwendung im Softwarepraktikum}{chapter.5}% 30
\BOOKMARK [1][-]{section.5.3}{Vergleich zu Code-Quality-Index nach Simon}{chapter.5}% 31
\BOOKMARK [0][]{chapter.6}{Zusammenfassung und Ausblick}{}% 32
